<?xml version="1.0" encoding="UTF-8"?>
<testsuite name="generators.CardSetGeneratorTest" tests="2" skipped="0" failures="0" errors="0" timestamp="2018-04-22T19:59:08" hostname="kuznia-Latitude-E7470" time="0.09">
  <properties/>
  <testcase name="validDataTest" classname="generators.CardSetGeneratorTest" time="0.003"/>
  <testcase name="validDataTest" classname="generators.CardSetGeneratorTest" time="0.001"/>
  <system-out><![CDATA[]]></system-out>
  <system-err><![CDATA[]]></system-err>
</testsuite>
