<?xml version="1.0" encoding="UTF-8"?>
<testsuite name="exceptions.NoRegexExceptionTest" tests="6" skipped="0" failures="0" errors="0" timestamp="2018-04-22T19:59:08" hostname="kuznia-Latitude-E7470" time="0.011">
  <properties/>
  <testcase name="exceptionPositiveTest[0]" classname="exceptions.NoRegexExceptionTest" time="0.006"/>
  <testcase name="exceptionNegativeTest[0]" classname="exceptions.NoRegexExceptionTest" time="0.002"/>
  <testcase name="exceptionPositiveTest[1]" classname="exceptions.NoRegexExceptionTest" time="0.0"/>
  <testcase name="exceptionNegativeTest[1]" classname="exceptions.NoRegexExceptionTest" time="0.0"/>
  <testcase name="exceptionPositiveTest[2]" classname="exceptions.NoRegexExceptionTest" time="0.0"/>
  <testcase name="exceptionNegativeTest[2]" classname="exceptions.NoRegexExceptionTest" time="0.0"/>
  <system-out><![CDATA[]]></system-out>
  <system-err><![CDATA[]]></system-err>
</testsuite>
